c[?7l[2J[0mSeaBIOS (version 1.15.0-1)


iPXE (https://ipxe.org) 00:02.0 CA00 PCI2.10 PnP PMM+1FF8B0D0+1FECB0D0 CA00
Press Ctrl-B to configure iPXE (PCI 00:02.0)...                                                                               


Booting from ROM..Boot config: debug_port = 0x3f8
Boot config: disable_iommu = false
Detected 1 boot module(s):
  module #0: start=0xc13000 end=0xe0e240 size=0x1fb240 name='/sel4-image/capdl-loader-image-x86_64-pc99'
Parsing GRUB physical memory map
	Physical Memory Region from 0 size 9fc00 type 1
	Physical Memory Region from 9fc00 size 400 type 2
	Physical Memory Region from f0000 size 10000 type 2
	Physical Memory Region from 100000 size 1fedf000 type 1
Adding physical memory region 0x100000-0x1ffdf000
	Physical Memory Region from 1ffdf000 size 21000 type 2
	Physical Memory Region from b0000000 size 10000000 type 2
	Physical Memory Region from fed1c000 size 4000 type 2
	Physical Memory Region from fffc0000 size 40000 type 2
Multiboot gave us no video information
ACPI: RSDP paddr=0xf59f0
ACPI: RSDP vaddr=0xf59f0
ACPI: RSDT paddr=0x1ffe22ba
ACPI: RSDT vaddr=0x1ffe22ba
SKIM window for mitigating Meltdown (https://www.meltdownattack.com) not necessary for AMD and performance is being needlessly affected, consider disabling
Kernel loaded to: start=0x100000 end=0xc12000 size=0xb12000 entry=0x100300
ACPI: RSDT paddr=0x1ffe22ba
ACPI: RSDT vaddr=0x1ffe22ba
ACPI: FADT paddr=0x1ffe20b2
ACPI: FADT vaddr=0x1ffe20b2
ACPI: FADT flags=0x84a5
ACPI: 0 IOMMUs detected
ACPI: MADT paddr=0x1ffe21a6
ACPI: MADT vaddr=0x1ffe21a6
ACPI: MADT apic_addr=0xfee00000
ACPI: MADT flags=0x1
ACPI: MADT_APIC apic_id=0x0
ACPI: MADT_IOAPIC ioapic_id=0 ioapic_addr=0xfec00000 gsib=0
ACPI: MADT_ISO bus=0 source=0 gsi=2 flags=0x0
ACPI: MADT_ISO bus=0 source=5 gsi=5 flags=0xd
ACPI: MADT_ISO bus=0 source=9 gsi=9 flags=0xd
ACPI: MADT_ISO bus=0 source=10 gsi=10 flags=0xd
ACPI: MADT_ISO bus=0 source=11 gsi=11 flags=0xd
ACPI: 1 CPU(s) detected
ELF-loading userland images from boot modules:
size=0x3fc000 v_entry=0x4088d9 v_start=0x400000 v_end=0x7fc000 p_start=0xe0f000 p_end=0x120b000
Moving loaded userland images to final location: from=0xe0f000 to=0xc12000 size=0x3fc000
Starting node #0 with APIC ID 0
Mapping kernel window is done
available phys memory regions: 1
  [100000..1ffdf000)
reserved virt address space regions: 1
  [ffffff8000100000..ffffff800100e000)
Booting all finished, dropped to user space
[vDTU] Initializing endpoint table (4 PEs x 16 EPs)
[vDTU] Initialized, managing endpoint table
[vDTU] Ready for configuration requests
[SemperKernel] Starting (PE 0)
[SemperKernel] Configuring VPE0 receive endpoint (EP 0)
[vDTU] config_recv(target_pe=1, ep=0, buf_order=11, msg_order=9, flags=0)
[vDTU]   -> assigned channel 0 (slot_count=4, slot_size=512)
[SemperKernel] VPE0 recv EP 0 -> channel 0
[SemperKernel] Configuring kernel receive endpoint (EP 1)
[vDTU] config_recv(target_pe=0, ep=1, buf_order=11, msg_order=9, flags=0)
[vDTU]   -> assigned channel 1 (slot_count=4, slot_size=512)
[SemperKernel] Kernel recv EP 1 -> channel 1
[SemperKernel] Configuring kernel send endpoint (EP 0)
[vDTU] config_send(target_pe=0, ep=0, dest_pe=1, dest_ep=0, dest_vpe=0, msg_size=512, label=0xdeadbeef, credits=65535)
[SemperKernel] Channels configured successfully
[SemperKernel] Sending test message: "HELLO_VPE"
[SemperKernel] Waiting for reply...
[VPE0] Starting (PE 1)
[VPE0] Waiting for signal from kernel...
[VPE0] Attached to receive ring (channel 0, slot_count=4, slot_size=512)
[VPE0] Attached to reply ring (channel 1)
[VPE0] Received message: "HELLO_VPE" (len=9, label=0xdeadbeef, from PE 0 EP 0)
[VPE0] Sending reply: "ACK"
[SemperKernel] Received reply: "ACK"
[SemperKernel] Basic DTU channel test PASSED
[SemperKernel] Done
[VPE0] Done (handled 1 message)
qemu-system-x86_64: terminating on signal 15 from pid 7 (timeout)
QEMU_TIMEOUT: Exited after 30s
